<?xml version="1.0" encoding="UTF-8"?>
<testng-results skipped="0" failed="1" ignored="0" total="1" passed="0">
  <reporter-output>
  </reporter-output>
  <suite name="Default suite" duration-ms="1164" started-at="2021-02-09T23:14:54 EST" finished-at="2021-02-09T23:14:55 EST">
    <groups>
    </groups>
    <test name="Default test" duration-ms="1164" started-at="2021-02-09T23:14:54 EST" finished-at="2021-02-09T23:14:55 EST">
      <class name="com.qa.test.GetSApiTest">
        <test-method status="PASS" signature="setUp()[pri:0, instance:com.qa.test.GetSApiTest@7d0587f1]" name="setUp" is-config="true" duration-ms="26" started-at="2021-02-09T23:14:54 EST" finished-at="2021-02-09T23:14:54 EST">
          <reporter-output>
          </reporter-output>
        </test-method> <!-- setUp -->
        <test-method status="FAIL" signature="getapiTest()[pri:0, instance:com.qa.test.GetSApiTest@7d0587f1]" name="getapiTest" duration-ms="1063" started-at="2021-02-09T23:14:54 EST" finished-at="2021-02-09T23:14:55 EST">
          <exception class="org.apache.http.client.ClientProtocolException">
            <full-stacktrace>
              <![CDATA[org.apache.http.client.ClientProtocolException
at org.apache.http.impl.client.InternalHttpClient.doExecute(InternalHttpClient.java:187)
at org.apache.http.impl.client.CloseableHttpClient.execute(CloseableHttpClient.java:83)
at org.apache.http.impl.client.CloseableHttpClient.execute(CloseableHttpClient.java:108)
at client.RestClient.get(RestClient.java:22)
at com.qa.test.GetSApiTest.getapiTest(GetSApiTest.java:30)
at sun.reflect.NativeMethodAccessorImpl.invoke0(Native Method)
at sun.reflect.NativeMethodAccessorImpl.invoke(NativeMethodAccessorImpl.java:62)
at sun.reflect.DelegatingMethodAccessorImpl.invoke(DelegatingMethodAccessorImpl.java:43)
at java.lang.reflect.Method.invoke(Method.java:498)
at org.testng.internal.MethodInvocationHelper.invokeMethod(MethodInvocationHelper.java:132)
at org.testng.internal.TestInvoker.invokeMethod(TestInvoker.java:599)
at org.testng.internal.TestInvoker.invokeTestMethod(TestInvoker.java:174)
at org.testng.internal.MethodRunner.runInSequence(MethodRunner.java:46)
at org.testng.internal.TestInvoker$MethodInvocationAgent.invoke(TestInvoker.java:822)
at org.testng.internal.TestInvoker.invokeTestMethods(TestInvoker.java:147)
at org.testng.internal.TestMethodWorker.invokeTestMethods(TestMethodWorker.java:146)
at org.testng.internal.TestMethodWorker.run(TestMethodWorker.java:128)
at java.util.ArrayList.forEach(ArrayList.java:1259)
at org.testng.TestRunner.privateRun(TestRunner.java:764)
at org.testng.TestRunner.run(TestRunner.java:585)
at org.testng.SuiteRunner.runTest(SuiteRunner.java:384)
at org.testng.SuiteRunner.runSequentially(SuiteRunner.java:378)
at org.testng.SuiteRunner.privateRun(SuiteRunner.java:337)
at org.testng.SuiteRunner.run(SuiteRunner.java:286)
at org.testng.SuiteRunnerWorker.runSuite(SuiteRunnerWorker.java:53)
at org.testng.SuiteRunnerWorker.run(SuiteRunnerWorker.java:96)
at org.testng.TestNG.runSuitesSequentially(TestNG.java:1218)
at org.testng.TestNG.runSuitesLocally(TestNG.java:1140)
at org.testng.TestNG.runSuites(TestNG.java:1069)
at org.testng.TestNG.run(TestNG.java:1037)
at org.testng.remote.AbstractRemoteTestNG.run(AbstractRemoteTestNG.java:115)
at org.testng.remote.RemoteTestNG.initAndRun(RemoteTestNG.java:251)
at org.testng.remote.RemoteTestNG.main(RemoteTestNG.java:77)
Caused by: org.apache.http.ProtocolException: Target host is not specified
at org.apache.http.impl.conn.DefaultRoutePlanner.determineRoute(DefaultRoutePlanner.java:71)
at org.apache.http.impl.client.InternalHttpClient.determineRoute(InternalHttpClient.java:125)
at org.apache.http.impl.client.InternalHttpClient.doExecute(InternalHttpClient.java:184)
... 32 more
]]>
            </full-stacktrace>
          </exception> <!-- org.apache.http.client.ClientProtocolException -->
          <reporter-output>
          </reporter-output>
        </test-method> <!-- getapiTest -->
      </class> <!-- com.qa.test.GetSApiTest -->
    </test> <!-- Default test -->
  </suite> <!-- Default suite -->
</testng-results>
